TN:
SF:src\app\api\audit-log\route.ts
FN:13,POST
FNF:1
FNH:1
FNDA:9,POST
DA:5,1
DA:14,9
DA:15,9
DA:16,1
DA:20,8
DA:21,8
DA:23,1
DA:26,7
DA:27,7
DA:28,1
DA:31,6
DA:32,6
DA:34,6
DA:36,1
DA:37,1
DA:38,1
DA:39,1
DA:41,1
DA:42,1
DA:44,1
DA:45,1
DA:46,1
DA:48,2
DA:49,1
DA:50,1
DA:52,2
DA:53,2
DA:55,1
DA:56,1
DA:59,6
LF:30
LH:30
BRDA:15,0,0,1
BRDA:15,0,1,8
BRDA:27,1,0,1
BRDA:27,1,1,6
BRDA:34,2,0,1
BRDA:34,2,1,1
BRDA:34,2,2,1
BRDA:34,2,3,2
BRDA:34,2,4,1
BRDA:48,3,0,1
BRDA:48,3,1,1
BRDA:48,4,0,2
BRDA:48,4,1,1
BRF:13
BRH:13
end_of_record
TN:
SF:src\app\api\proxy\route.ts
FN:23,POST
FNF:1
FNH:1
FNDA:11,POST
DA:7,1
DA:13,1
DA:25,11
DA:26,11
DA:27,1
DA:31,10
DA:32,10
DA:34,1
DA:37,9
DA:41,11
DA:42,2
DA:48,7
DA:50,7
DA:51,7
LF:14
LH:14
BRDA:26,0,0,1
BRDA:26,0,1,10
BRDA:41,1,0,2
BRDA:41,1,1,9
BRF:4
BRH:4
end_of_record
TN:
SF:src\components\ui\Button.tsx
FN:22,(anonymous_0)
FNF:1
FNH:1
FNDA:12,(anonymous_0)
DA:9,1
DA:16,1
DA:22,1
DA:24,12
DA:37,1
LF:5
LH:5
BRDA:23,0,0,12
BRDA:23,1,0,12
BRF:2
BRH:2
end_of_record
TN:
SF:src\components\ui\Input.tsx
FN:9,(anonymous_0)
FNF:1
FNH:1
FNDA:12,(anonymous_0)
DA:9,1
DA:11,12
DA:32,1
LF:3
LH:3
BRDA:12,0,0,12
BRDA:12,0,1,2
BRDA:22,1,0,12
BRDA:22,1,1,2
BRDA:27,2,0,12
BRDA:27,2,1,2
BRF:6
BRH:6
end_of_record
TN:
SF:src\components\ui\Select.tsx
FN:9,(anonymous_0)
FN:26,(anonymous_1)
FNF:2
FNH:2
FNDA:9,(anonymous_0)
FNDA:24,(anonymous_1)
DA:9,1
DA:11,9
DA:27,24
DA:36,1
LF:4
LH:4
BRDA:12,0,0,9
BRDA:12,0,1,2
BRF:2
BRH:2
end_of_record
TN:
SF:src\lib\pii-mask.ts
FN:46,fieldTypeForKey
FN:59,maskName
FN:72,maskDigitsByPosition
FN:80,(anonymous_3)
FN:88,maskCpf
FN:93,maskCnpj
FN:98,maskEmail
FN:108,maskPhone
FN:117,maskStreet
FN:125,maskNumberField
FN:130,maskCep
FN:138,maskCard
FN:144,maskGeneric
FN:149,applyTypedMask
FN:173,maskInlinePatterns
FN:177,(anonymous_15)
FN:184,maskValue
FN:199,(anonymous_17)
FN:215,countPiiFields
FN:227,maskPiiBody
FN:236,countPiiMatches
FNF:21
FNH:21
FNDA:41,fieldTypeForKey
FNDA:6,maskName
FNDA:11,maskDigitsByPosition
FNDA:127,(anonymous_3)
FNDA:4,maskCpf
FNDA:1,maskCnpj
FNDA:4,maskEmail
FNDA:2,maskPhone
FNDA:2,maskStreet
FNDA:1,maskNumberField
FNDA:2,maskCep
FNDA:2,maskCard
FNDA:3,maskGeneric
FNDA:26,applyTypedMask
FNDA:4,maskInlinePatterns
FNDA:2,(anonymous_15)
FNDA:59,maskValue
FNDA:2,(anonymous_17)
FNDA:4,countPiiFields
FNDA:29,maskPiiBody
FNDA:6,countPiiMatches
DA:16,1
DA:47,41
DA:48,41
DA:50,12
DA:51,529
DA:53,11
DA:60,6
DA:61,6
DA:62,5
DA:63,5
DA:64,5
DA:77,11
DA:78,11
DA:79,11
DA:80,11
DA:81,127
DA:82,127
DA:83,74
DA:89,4
DA:94,1
DA:99,4
DA:100,4
DA:101,3
DA:109,2
DA:111,2
DA:112,2
DA:113,2
DA:118,2
DA:119,2
DA:120,1
DA:121,1
DA:126,1
DA:131,2
DA:132,2
DA:133,2
DA:134,2
DA:139,2
DA:140,2
DA:145,3
DA:146,2
DA:150,26
DA:151,6
DA:152,4
DA:153,1
DA:154,4
DA:155,2
DA:156,2
DA:157,0
DA:158,2
DA:159,2
DA:160,3
DA:165,1
DA:174,4
DA:175,4
DA:176,20
DA:177,20
DA:179,4
DA:185,59
DA:187,59
DA:188,25
DA:189,1
DA:192,34
DA:193,2
DA:194,1
DA:195,1
DA:198,32
DA:199,2
DA:202,31
DA:203,29
DA:204,29
DA:205,31
DA:207,29
DA:210,2
DA:216,4
DA:217,4
DA:218,4
DA:219,8
DA:220,8
DA:222,4
DA:228,29
DA:229,29
DA:230,29
DA:232,3
DA:237,6
DA:238,6
DA:240,3
DA:241,3
DA:242,15
DA:243,15
DA:245,3
LF:90
LH:89
BRDA:48,0,0,29
BRDA:48,0,1,12
BRDA:51,1,0,1
BRDA:51,1,1,528
BRDA:61,2,0,1
BRDA:61,2,1,5
BRDA:61,3,0,1
BRDA:61,3,1,0
BRDA:82,4,0,53
BRDA:82,4,1,74
BRDA:82,5,0,127
BRDA:82,5,1,106
BRDA:100,6,0,1
BRDA:100,6,1,3
BRDA:111,7,0,1
BRDA:111,7,1,1
BRDA:119,8,0,1
BRDA:119,8,1,1
BRDA:145,9,0,1
BRDA:145,9,1,2
BRDA:150,10,0,6
BRDA:150,10,1,4
BRDA:150,10,2,1
BRDA:150,10,3,4
BRDA:150,10,4,2
BRDA:150,10,5,2
BRDA:150,10,6,0
BRDA:150,10,7,2
BRDA:150,10,8,2
BRDA:150,10,9,3
BRDA:185,11,0,33
BRDA:185,11,1,26
BRDA:187,12,0,25
BRDA:187,12,1,34
BRDA:188,13,0,24
BRDA:188,13,1,1
BRDA:192,14,0,2
BRDA:192,14,1,32
BRDA:193,15,0,1
BRDA:193,15,1,1
BRDA:194,16,0,0
BRDA:194,16,1,1
BRDA:198,17,0,1
BRDA:198,17,1,31
BRDA:202,18,0,29
BRDA:202,18,1,2
BRDA:202,19,0,31
BRDA:202,19,1,30
BRDA:216,20,0,0
BRDA:216,20,1,4
BRDA:216,21,0,4
BRDA:216,21,1,4
BRDA:219,22,0,4
BRDA:219,22,1,4
BRDA:220,23,0,1
BRDA:220,23,1,7
BRDA:220,24,0,8
BRDA:220,24,1,8
BRDA:243,25,0,15
BRDA:243,25,1,13
BRF:60
BRH:56
end_of_record
TN:
SF:src\lib\report.ts
FN:3,buildReport
FN:72,row
FN:76,pad
FN:81,formatDuration
FNF:4
FNH:4
FNDA:14,buildReport
FNDA:112,row
FNDA:55,pad
FNDA:28,formatDuration
DA:4,14
DA:5,14
DA:7,14
DA:8,14
DA:10,14
DA:28,14
DA:29,14
DA:31,14
DA:32,9
DA:34,5
DA:35,5
DA:38,5
DA:45,5
DA:46,5
DA:48,5
DA:49,6
DA:53,6
DA:64,14
DA:65,14
DA:66,14
DA:67,14
DA:69,14
DA:73,112
DA:77,55
DA:78,49
DA:82,28
DA:83,28
DA:84,28
DA:85,28
DA:86,28
DA:87,28
DA:88,28
DA:89,28
DA:90,28
LF:34
LH:34
BRDA:31,0,0,9
BRDA:31,0,1,5
BRDA:49,1,0,1
BRDA:49,1,1,5
BRDA:77,2,0,6
BRDA:77,2,1,49
BRDA:87,3,0,25
BRDA:87,3,1,3
BRDA:88,4,0,16
BRDA:88,4,1,12
BRDA:89,5,0,3
BRDA:89,5,1,25
BRDA:89,6,0,28
BRDA:89,6,1,26
BRF:14
BRH:14
end_of_record
TN:
SF:src\lib\utils.ts
FN:4,cn
FN:8,formatBytes
FN:16,safeJsonParse
FNF:3
FNH:3
FNDA:37,cn
FNDA:6,formatBytes
FNDA:5,safeJsonParse
DA:5,37
DA:9,6
DA:10,5
DA:11,5
DA:12,5
DA:13,5
DA:17,5
DA:18,5
DA:20,1
LF:9
LH:9
BRDA:9,0,0,1
BRDA:9,0,1,5
BRF:2
BRH:2
end_of_record
TN:
SF:src\services\http.service.ts
FN:7,executeRequest
FN:68,(anonymous_1)
FNF:2
FNH:1
FNDA:20,executeRequest
FNDA:0,(anonymous_1)
DA:8,20
DA:10,20
DA:14,20
DA:15,1
DA:16,19
DA:17,1
DA:21,20
DA:22,20
DA:23,5
DA:24,3
DA:33,20
DA:34,18
DA:35,18
DA:36,1
DA:37,18
DA:38,1
DA:41,17
DA:43,1
DA:44,1
DA:52,19
DA:53,2
DA:54,2
DA:55,2
DA:57,1
DA:62,19
DA:68,0
DA:72,19
DA:74,17
DA:75,17
DA:76,2
DA:77,1
DA:80,17
DA:88,3
DA:89,3
LF:34
LH:33
BRDA:14,0,0,1
BRDA:14,0,1,19
BRDA:16,1,0,1
BRDA:16,1,1,18
BRDA:23,2,0,3
BRDA:23,2,1,2
BRDA:23,3,0,5
BRDA:23,3,1,4
BRDA:33,4,0,18
BRDA:33,4,1,2
BRDA:36,5,0,1
BRDA:36,5,1,1
BRDA:41,6,0,1
BRDA:41,6,1,16
BRDA:43,7,0,1
BRDA:43,7,1,0
BRDA:52,8,0,2
BRDA:52,8,1,17
BRDA:52,9,0,19
BRDA:52,9,1,4
BRDA:55,10,0,1
BRDA:55,10,1,1
BRDA:76,11,0,1
BRDA:76,11,1,1
BRDA:77,12,0,1
BRDA:77,12,1,0
BRDA:88,13,0,2
BRDA:88,13,1,1
BRF:28
BRH:26
end_of_record
TN:
SF:src\services\oauth.service.ts
FN:12,getClientCredentialsToken
FNF:1
FNH:1
FNDA:7,getClientCredentialsToken
DA:10,1
DA:16,7
DA:18,7
DA:19,1
DA:22,6
DA:29,7
DA:36,6
DA:38,6
DA:43,6
LF:9
LH:9
BRDA:18,0,0,1
BRDA:18,0,1,6
BRDA:18,1,0,7
BRDA:18,1,1,2
BRDA:26,2,0,1
BRDA:26,2,1,5
BRF:6
BRH:6
end_of_record
TN:
SF:src\services\secrets.service.ts
FN:10,getClient
FN:31,getSecret
FN:42,getAzureAdSecret
FN:48,getApiCredentials
FNF:4
FNH:4
FNDA:8,getClient
FNDA:8,getSecret
FNDA:3,getAzureAdSecret
FNDA:5,getApiCredentials
DA:8,1
DA:11,8
DA:13,1
DA:19,8
DA:20,0
DA:21,0
DA:27,1
DA:28,1
DA:32,8
DA:33,8
DA:35,8
DA:36,1
DA:39,7
DA:44,3
DA:45,3
DA:52,5
DA:55,5
LF:17
LH:15
BRDA:11,0,0,7
BRDA:11,0,1,1
BRDA:14,1,0,1
BRDA:14,1,1,1
BRDA:19,2,0,0
BRDA:19,2,1,8
BRDA:22,3,0,0
BRDA:22,3,1,0
BRDA:23,4,0,0
BRDA:23,4,1,0
BRDA:35,5,0,1
BRDA:35,5,1,7
BRDA:44,6,0,3
BRDA:44,6,1,2
BRDA:52,7,0,5
BRDA:52,7,1,2
BRDA:52,7,2,1
BRF:17
BRH:12
end_of_record
